TN:
SF:script/DeployScript.s.sol
DA:18,0
FN:18,DeployScript.run
FNDA:0,DeployScript.run
DA:20,0
DA:21,0
DA:22,0
DA:25,0
DA:26,0
DA:28,0
DA:29,0
DA:31,0
DA:34,0
DA:41,0
DA:47,0
DA:50,0
DA:51,0
DA:52,0
DA:53,0
DA:54,0
DA:55,0
DA:56,0
DA:57,0
DA:60,0
DA:71,0
DA:72,0
FNF:1
FNH:0
LF:23
LH:0
BRF:0
BRH:0
end_of_record
TN:
SF:src/MyNFT.sol
DA:147,54
FN:147,MyNFT.constructor
FNDA:54,MyNFT.constructor
DA:153,54
DA:154,54
DA:157,54
DA:158,54
DA:159,54
DA:171,271
FN:171,MyNFT.publicMint
FNDA:271,MyNFT.publicMint
DA:172,271
BRDA:172,0,0,1
DA:173,270
BRDA:173,1,0,132
DA:174,138
BRDA:174,2,0,1
DA:176,137
DA:177,137
DA:185,4
FN:185,MyNFT.whitelistMint
FNDA:4,MyNFT.whitelistMint
DA:186,4
BRDA:186,3,0,1
DA:187,3
BRDA:187,4,0,1
DA:188,2
BRDA:188,5,0,-
DA:189,2
BRDA:189,6,0,-
DA:191,2
DA:192,2
DA:200,260
FN:200,MyNFT.batchMint
FNDA:260,MyNFT.batchMint
DA:201,259
DA:202,259
BRDA:202,7,0,1
DA:204,258
DA:205,6968
DA:215,22
FN:215,MyNFT.mintWithURI
FNDA:22,MyNFT.mintWithURI
DA:221,21
DA:222,20
DA:223,20
DA:231,7128
FN:231,MyNFT._mintToken
FNDA:7128,MyNFT._mintToken
DA:232,7128
BRDA:232,8,0,-
DA:234,7128
DA:235,7128
DA:236,7128
DA:238,7127
DA:249,5
FN:249,MyNFT.setBaseURI
FNDA:5,MyNFT.setBaseURI
DA:250,4
DA:251,4
DA:252,4
DA:259,258
FN:259,MyNFT.setMintPrice
FNDA:258,MyNFT.setMintPrice
DA:260,257
DA:261,257
DA:262,257
DA:269,265
FN:269,MyNFT.setPublicMintEnabled
FNDA:265,MyNFT.setPublicMintEnabled
DA:270,265
DA:271,265
DA:278,4
FN:278,MyNFT.setWhitelistMintEnabled
FNDA:4,MyNFT.setWhitelistMintEnabled
DA:279,4
DA:280,4
DA:287,258
FN:287,MyNFT.addToWhitelist
FNDA:258,MyNFT.addToWhitelist
DA:288,258
DA:289,11444
DA:291,258
DA:298,254
FN:298,MyNFT.removeFromWhitelist
FNDA:254,MyNFT.removeFromWhitelist
DA:299,254
DA:300,11438
DA:302,254
DA:309,5
FN:309,MyNFT.pause
FNDA:5,MyNFT.pause
DA:310,4
DA:317,2
FN:317,MyNFT.unpause
FNDA:2,MyNFT.unpause
DA:318,2
DA:326,259
FN:326,MyNFT.setRoyaltyInfo
FNDA:259,MyNFT.setRoyaltyInfo
DA:327,259
BRDA:327,9,0,1
DA:328,258
DA:329,258
DA:330,258
DA:336,2
FN:336,MyNFT.withdraw
FNDA:2,MyNFT.withdraw
DA:337,2
DA:338,2
DA:339,2
BRDA:339,10,0,-
BRDA:339,10,1,2
DA:349,6
FN:349,MyNFT.getCurrentTokenId
FNDA:6,MyNFT.getCurrentTokenId
DA:350,6
DA:356,3
FN:356,MyNFT.totalMinted
FNDA:3,MyNFT.totalMinted
DA:357,3
DA:364,22879
FN:364,MyNFT.isWhitelisted
FNDA:22879,MyNFT.isWhitelisted
DA:365,22879
DA:375,260
FN:375,MyNFT.royaltyInfo
FNDA:260,MyNFT.royaltyInfo
DA:383,260
DA:384,260
DA:394,7134
FN:394,MyNFT._update
FNDA:7134,MyNFT._update
DA:399,7134
DA:405,0
FN:405,MyNFT._increaseBalance
FNDA:0,MyNFT._increaseBalance
DA:409,0
DA:415,8
FN:415,MyNFT._baseURI
FNDA:8,MyNFT._baseURI
DA:416,8
DA:422,7
FN:422,MyNFT.tokenURI
FNDA:7,MyNFT.tokenURI
DA:428,7
DA:434,5
FN:434,MyNFT.supportsInterface
FNDA:5,MyNFT.supportsInterface
DA:440,5
FNF:25
FNH:24
LF:88
LH:86
BRF:12
BRH:8
end_of_record
